<?xml version="1.0" encoding="UTF-8"?>
<!-- Generated by org.testng.reporters.JUnitReportReporter -->
<testsuite hostname="DESKTOP-5T3RSN2" failures="0" tests="1" name="mavenforjenkins.UITest" time="29.502" errors="0" timestamp="2022-01-22T00:27:22 PST" skipped="0">
  <testcase classname="mavenforjenkins.UITest" name="startBrowser" time="29.502"/>
  <system-out/>
</testsuite> <!-- mavenforjenkins.UITest -->
